<?xml version="1.0" encoding="UTF-8"?>
<!-- Generated by org.testng.reporters.JUnitReportReporter -->
<testsuite hostname="DESKTOP-L97HKGL" failures="0" tests="1" name="SeleniumProject.sampleProject.AppTest" time="18.787" errors="0" timestamp="2023-03-06T11:01:34 IST" skipped="0">
  <testcase classname="SeleniumProject.sampleProject.AppTest" name="AddToCart" time="18.787"/>
  <system-out/>
</testsuite> <!-- SeleniumProject.sampleProject.AppTest -->
