<?xml version="1.0" encoding="UTF-8"?>
<!-- Generated by org.testng.reporters.JUnitReportReporter -->
<testsuite hostname="DESKTOP-L97HKGL" failures="0" tests="1" name="SeleniumProject.sampleProject.AppTest" time="18.726" errors="0" timestamp="2023-03-06T01:32:30 IST" skipped="0">
  <testcase classname="SeleniumProject.sampleProject.AppTest" name="AddToCart" time="18.726"/>
  <system-out/>
</testsuite> <!-- SeleniumProject.sampleProject.AppTest -->
